<?xml version="1.0" encoding="UTF-8"?>
<!-- Generated by org.testng.reporters.JUnitXMLReporter -->
<testsuite hostname="PC-20170916PHJK" ignored="1" name="Default test" tests="1" failures="0" timestamp="10 五月 2018 01:24:36 GMT" time="56.351" errors="0">
  <testcase name="userRegisterTest" time="10.051" classname="TestForAnsteel.TestForAnsteel"/>
  <testcase name="userInfoTest" time="0.0" classname="TestForAnsteel.TestForAnsteel">
    <ignored/>
  </testcase> <!-- userInfoTest -->
</testsuite> <!-- Default test -->
